<?xml version="1.0" encoding="UTF-8"?>
<robot generator="Robot 3.1.1 (Python 3.7.4 on darwin)" generated="20200909 10:10:18.013" rpa="false">
<suite id="s1" name="Fn-New Subscription" source="/Users/peter.yf.cheng/Gitlab/Automation-test/MyGogoro_web/integration/web/fn-new_subscription.robot">
<kw name="Suite Setup" type="setup">
<kw name="Open Browser" library="keywords_common">
<doc>Create a chrome browser without UI display</doc>
<arguments>
<arg>${MYGOGORO_GN_DOMAIN}</arg>
<arg>${WINDOW_HEIGHT}</arg>
<arg>${WINDOW_WEIGHT}</arg>
</arguments>
<kw name="Evaluate" library="BuiltIn">
<doc>Evaluates the given expression in Python and returns the results.</doc>
<arguments>
<arg>sys.modules['selenium.webdriver'].ChromeOptions()</arg>
<arg>sys, selenium.webdriver</arg>
</arguments>
<assign>
<var>${chrome_options}</var>
</assign>
<msg timestamp="20200909 10:10:19.769" level="INFO">${chrome_options} = &lt;selenium.webdriver.chrome.options.Options object at 0x10fd9ae90&gt;</msg>
<status status="PASS" starttime="20200909 10:10:19.752" endtime="20200909 10:10:19.770"></status>
</kw>
<kw name="Call Method" library="BuiltIn">
<doc>Calls the named method of the given object with the provided arguments.</doc>
<arguments>
<arg>${chrome_options}</arg>
<arg>add_argument</arg>
<arg>--disable-extensions</arg>
</arguments>
<status status="PASS" starttime="20200909 10:10:19.775" endtime="20200909 10:10:19.775"></status>
</kw>
<kw name="Call Method" library="BuiltIn">
<doc>Calls the named method of the given object with the provided arguments.</doc>
<arguments>
<arg>${chrome_options}</arg>
<arg>add_argument</arg>
<arg>--headless</arg>
</arguments>
<status status="PASS" starttime="20200909 10:10:19.776" endtime="20200909 10:10:19.776"></status>
</kw>
<kw name="Call Method" library="BuiltIn">
<doc>Calls the named method of the given object with the provided arguments.</doc>
<arguments>
<arg>${chrome_options}</arg>
<arg>add_argument</arg>
<arg>--disable-gpu</arg>
</arguments>
<status status="PASS" starttime="20200909 10:10:19.777" endtime="20200909 10:10:19.777"></status>
</kw>
<kw name="Call Method" library="BuiltIn">
<doc>Calls the named method of the given object with the provided arguments.</doc>
<arguments>
<arg>${chrome_options}</arg>
<arg>add_argument</arg>
<arg>--no-sandbox</arg>
</arguments>
<status status="PASS" starttime="20200909 10:10:19.778" endtime="20200909 10:10:19.778"></status>
</kw>
<kw name="Call Method" library="BuiltIn">
<doc>Calls the named method of the given object with the provided arguments.</doc>
<arguments>
<arg>${chrome_options}</arg>
<arg>add_argument</arg>
<arg>--disable-setuid-sandbox</arg>
</arguments>
<status status="PASS" starttime="20200909 10:10:19.779" endtime="20200909 10:10:19.779"></status>
</kw>
<kw name="Call Method" library="BuiltIn">
<doc>Calls the named method of the given object with the provided arguments.</doc>
<arguments>
<arg>${chrome_options}</arg>
<arg>add_argument</arg>
<arg>--disable-dev-shm-usage</arg>
</arguments>
<status status="PASS" starttime="20200909 10:10:19.780" endtime="20200909 10:10:19.780"></status>
</kw>
<kw name="Call Method" library="BuiltIn">
<doc>Calls the named method of the given object with the provided arguments.</doc>
<arguments>
<arg>${chrome_options}</arg>
<arg>add_argument</arg>
<arg>--incognito</arg>
</arguments>
<status status="PASS" starttime="20200909 10:10:19.780" endtime="20200909 10:10:19.781"></status>
</kw>
<kw name="Create Webdriver" library="Selenium2Library">
<doc>Creates an instance of Selenium WebDriver.</doc>
<arguments>
<arg>Chrome</arg>
<arg>chrome_options=${chrome_options}</arg>
<arg>executable_path=${BROWSER_PATH}/${DRIVER_VERSION}</arg>
</arguments>
<msg timestamp="20200909 10:10:19.786" level="INFO">Creating an instance of the Chrome WebDriver.</msg>
<status status="PASS" starttime="20200909 10:10:19.782" endtime="20200909 10:10:20.206"></status>
</kw>
<kw name="Set Window Size" library="Selenium2Library">
<doc>Sets current windows size to given ``width`` and ``height``.</doc>
<arguments>
<arg>${height}</arg>
<arg>${weight}</arg>
</arguments>
<status status="PASS" starttime="20200909 10:10:20.208" endtime="20200909 10:10:20.320"></status>
</kw>
<kw name="Go To" library="Selenium2Library">
<doc>Navigates the current browser window to the provided ``url``.</doc>
<arguments>
<arg>${url}</arg>
</arguments>
<msg timestamp="20200909 10:10:20.321" level="INFO">Opening url 'https://pa-network-my.gogoro.com/login?lang=zh-TW'</msg>
<status status="PASS" starttime="20200909 10:10:20.321" endtime="20200909 10:10:21.661"></status>
</kw>
<status status="PASS" starttime="20200909 10:10:19.749" endtime="20200909 10:10:21.661"></status>
</kw>
<kw name="Signup User">
<kw name="Setup User Variables">
<kw name="Encode Password Get" library="LibAppCipher">
<doc>encode password</doc>
<arguments>
<arg>Gogoro123</arg>
</arguments>
<assign>
<var>${password}</var>
</assign>
<msg timestamp="20200909 10:10:21.677" level="INFO">${password} = &lt;Response [200]&gt;</msg>
<status status="PASS" starttime="20200909 10:10:21.662" endtime="20200909 10:10:21.677"></status>
</kw>
<kw name="Set Suite Variable" library="BuiltIn">
<doc>Makes a variable available everywhere within the scope of the current suite.</doc>
<arguments>
<arg>${User}</arg>
<arg>${User('${password.text}')}</arg>
</arguments>
<msg timestamp="20200909 10:10:21.678" level="INFO">${User} = &lt;MyGogoroObject.User object at 0x10fd3a6d0&gt;</msg>
<status status="PASS" starttime="20200909 10:10:21.678" endtime="20200909 10:10:21.678"></status>
</kw>
<status status="PASS" starttime="20200909 10:10:21.661" endtime="20200909 10:10:21.679"></status>
</kw>
<kw name="Users Post" library="LibUsers">
<doc>Create user</doc>
<arguments>
<arg>${User.company_code}</arg>
<arg>${User.first_name}</arg>
<arg>${User.gender}</arg>
<arg>${User.email}</arg>
<arg>${User.status}\</arg>
<arg>${User.enable_e_carrier}</arg>
<arg>${User.last_name}</arg>
<arg>${User.display_name}</arg>
<arg>${User.birthday}\</arg>
<arg>${User.contact_address}</arg>
<arg>${User.contact_district}</arg>
<arg>${User.contact_city}</arg>
<arg>${User.contact_zipcode}\</arg>
<arg>${User.invoice_address}</arg>
<arg>${User.invoice_district}</arg>
<arg>${User.invoice_city}</arg>
<arg>${User.invoice_zipcode}\</arg>
<arg>${User.country_code}</arg>
<arg>mobile_phone1=${User.mobile}</arg>
<arg>profile_id=E123456789</arg>
<arg>password=${User.encode_password}\</arg>
<arg>login_phone=${User.phone}</arg>
<arg>occupation=${User.occupation}</arg>
<arg>gogoro_guid=${User.gogoro_guid}</arg>
</arguments>
<assign>
<var>${resp}</var>
</assign>
<msg timestamp="20200909 10:10:22.457" level="FAIL">Get cipher error: 
status code: 500
api request: http://10.6.1.46:3032/app/cipher?env=pa&amp;app=pa&amp;resource=pa&amp;username=pa.gen_admin@gogoro.com&amp;password=123
</msg>
<status status="FAIL" starttime="20200909 10:10:21.679" endtime="20200909 10:10:22.458"></status>
</kw>
<status status="FAIL" starttime="20200909 10:10:21.661" endtime="20200909 10:10:22.458"></status>
</kw>
<status status="FAIL" starttime="20200909 10:10:19.748" endtime="20200909 10:10:22.458"></status>
</kw>
<test id="s1-t1" name="Return to new subscription first page after click previous button in terms page">
<tags>
<tag>MyGogoroWeb</tag>
<tag>New-Sub</tag>
</tags>
<timeout value="5 minutes"></timeout>
<status status="FAIL" starttime="20200909 10:10:22.458" endtime="20200909 10:10:22.460" critical="yes">Parent suite setup failed:
Get cipher error: 
status code: 500
api request: http://10.6.1.46:3032/app/cipher?env=pa&amp;app=pa&amp;resource=pa&amp;username=pa.gen_admin@gogoro.com&amp;password=123
</status>
</test>
<test id="s1-t2" name="Return to new subscription first page after cancel user profile in user profile page">
<tags>
<tag>MyGogoroWeb</tag>
<tag>New-Sub</tag>
</tags>
<timeout value="5 minutes"></timeout>
<status status="FAIL" starttime="20200909 10:10:22.461" endtime="20200909 10:10:22.463" critical="yes">Parent suite setup failed:
Get cipher error: 
status code: 500
api request: http://10.6.1.46:3032/app/cipher?env=pa&amp;app=pa&amp;resource=pa&amp;username=pa.gen_admin@gogoro.com&amp;password=123
</status>
</test>
<test id="s1-t3" name="Return to new subscription first page after cancel user profile in choose plan page">
<tags>
<tag>MyGogoroWeb</tag>
<tag>New-Sub</tag>
</tags>
<timeout value="5 minutes"></timeout>
<status status="FAIL" starttime="20200909 10:10:22.464" endtime="20200909 10:10:22.465" critical="yes">Parent suite setup failed:
Get cipher error: 
status code: 500
api request: http://10.6.1.46:3032/app/cipher?env=pa&amp;app=pa&amp;resource=pa&amp;username=pa.gen_admin@gogoro.com&amp;password=123
</status>
</test>
<test id="s1-t4" name="Return to new subscription plan page after cancel user profile in cancel disclaimer page">
<tags>
<tag>MyGogoroWeb</tag>
<tag>New-Sub</tag>
</tags>
<timeout value="5 minutes"></timeout>
<status status="FAIL" starttime="20200909 10:10:22.466" endtime="20200909 10:10:22.469" critical="yes">Parent suite setup failed:
Get cipher error: 
status code: 500
api request: http://10.6.1.46:3032/app/cipher?env=pa&amp;app=pa&amp;resource=pa&amp;username=pa.gen_admin@gogoro.com&amp;password=123
</status>
</test>
<test id="s1-t5" name="Return to new subscription plan page after cancel system charge">
<tags>
<tag>MyGogoroWeb</tag>
<tag>New-Sub</tag>
</tags>
<timeout value="5 minutes"></timeout>
<status status="FAIL" starttime="20200909 10:10:22.470" endtime="20200909 10:10:22.471" critical="yes">Parent suite setup failed:
Get cipher error: 
status code: 500
api request: http://10.6.1.46:3032/app/cipher?env=pa&amp;app=pa&amp;resource=pa&amp;username=pa.gen_admin@gogoro.com&amp;password=123
</status>
</test>
<test id="s1-t6" name="Return to new subscription plan page after cancel addon setting">
<tags>
<tag>MyGogoroWeb</tag>
<tag>New-Sub</tag>
</tags>
<timeout value="5 minutes"></timeout>
<status status="FAIL" starttime="20200909 10:10:22.472" endtime="20200909 10:10:22.473" critical="yes">Parent suite setup failed:
Get cipher error: 
status code: 500
api request: http://10.6.1.46:3032/app/cipher?env=pa&amp;app=pa&amp;resource=pa&amp;username=pa.gen_admin@gogoro.com&amp;password=123
</status>
</test>
<test id="s1-t7" name="Return to new subscription plan page after disable addon setting">
<tags>
<tag>MyGogoroWeb</tag>
<tag>New-Sub</tag>
</tags>
<timeout value="5 minutes"></timeout>
<status status="FAIL" starttime="20200909 10:10:22.475" endtime="20200909 10:10:22.476" critical="yes">Parent suite setup failed:
Get cipher error: 
status code: 500
api request: http://10.6.1.46:3032/app/cipher?env=pa&amp;app=pa&amp;resource=pa&amp;username=pa.gen_admin@gogoro.com&amp;password=123
</status>
</test>
<test id="s1-t8" name="Return to new subscription plan page after cancel invoice seeting">
<tags>
<tag>MyGogoroWeb</tag>
<tag>New-Sub</tag>
</tags>
<timeout value="5 minutes"></timeout>
<status status="FAIL" starttime="20200909 10:10:22.476" endtime="20200909 10:10:22.476" critical="yes">Parent suite setup failed:
Get cipher error: 
status code: 500
api request: http://10.6.1.46:3032/app/cipher?env=pa&amp;app=pa&amp;resource=pa&amp;username=pa.gen_admin@gogoro.com&amp;password=123
</status>
</test>
<test id="s1-t9" name="Return to new subscription plan page after cancel contract service seeting">
<tags>
<tag>MyGogoroWeb</tag>
<tag>New-Sub</tag>
</tags>
<timeout value="5 minutes"></timeout>
<status status="FAIL" starttime="20200909 10:10:22.477" endtime="20200909 10:10:22.478" critical="yes">Parent suite setup failed:
Get cipher error: 
status code: 500
api request: http://10.6.1.46:3032/app/cipher?env=pa&amp;app=pa&amp;resource=pa&amp;username=pa.gen_admin@gogoro.com&amp;password=123
</status>
</test>
<test id="s1-t10" name="Upload incorrect front ID card">
<tags>
<tag>MyGogoroWeb</tag>
<tag>New-Sub</tag>
</tags>
<timeout value="5 minutes"></timeout>
<status status="FAIL" starttime="20200909 10:10:22.479" endtime="20200909 10:10:22.479" critical="yes">Parent suite setup failed:
Get cipher error: 
status code: 500
api request: http://10.6.1.46:3032/app/cipher?env=pa&amp;app=pa&amp;resource=pa&amp;username=pa.gen_admin@gogoro.com&amp;password=123
</status>
</test>
<test id="s1-t11" name="Upload incorrect back ID card">
<tags>
<tag>MyGogoroWeb</tag>
<tag>New-Sub</tag>
</tags>
<timeout value="5 minutes"></timeout>
<status status="FAIL" starttime="20200909 10:10:22.480" endtime="20200909 10:10:22.481" critical="yes">Parent suite setup failed:
Get cipher error: 
status code: 500
api request: http://10.6.1.46:3032/app/cipher?env=pa&amp;app=pa&amp;resource=pa&amp;username=pa.gen_admin@gogoro.com&amp;password=123
</status>
</test>
<test id="s1-t12" name="Clear the battery contract signature canvas of new subscription">
<tags>
<tag>MyGogoroWeb</tag>
<tag>New-Sub</tag>
</tags>
<timeout value="5 minutes"></timeout>
<status status="FAIL" starttime="20200909 10:10:22.482" endtime="20200909 10:10:22.483" critical="yes">Parent suite setup failed:
Get cipher error: 
status code: 500
api request: http://10.6.1.46:3032/app/cipher?env=pa&amp;app=pa&amp;resource=pa&amp;username=pa.gen_admin@gogoro.com&amp;password=123
</status>
</test>
<test id="s1-t13" name="Clear the personal data signature canvas of new subscription">
<tags>
<tag>MyGogoroWeb</tag>
<tag>New-Sub</tag>
</tags>
<timeout value="5 minutes"></timeout>
<status status="FAIL" starttime="20200909 10:10:22.483" endtime="20200909 10:10:22.485" critical="yes">Parent suite setup failed:
Get cipher error: 
status code: 500
api request: http://10.6.1.46:3032/app/cipher?env=pa&amp;app=pa&amp;resource=pa&amp;username=pa.gen_admin@gogoro.com&amp;password=123
</status>
</test>
<test id="s1-t14" name="Upload incorrect scooter license of new subscription">
<tags>
<tag>MyGogoroWeb</tag>
<tag>New-Sub</tag>
</tags>
<timeout value="5 minutes"></timeout>
<status status="FAIL" starttime="20200909 10:10:22.485" endtime="20200909 10:10:22.487" critical="yes">Parent suite setup failed:
Get cipher error: 
status code: 500
api request: http://10.6.1.46:3032/app/cipher?env=pa&amp;app=pa&amp;resource=pa&amp;username=pa.gen_admin@gogoro.com&amp;password=123
</status>
</test>
<test id="s1-t15" name="Upload only plate information of new subscription">
<tags>
<tag>MyGogoroWeb</tag>
<tag>New-Sub</tag>
</tags>
<timeout value="5 minutes"></timeout>
<status status="FAIL" starttime="20200909 10:10:22.488" endtime="20200909 10:10:22.488" critical="yes">Parent suite setup failed:
Get cipher error: 
status code: 500
api request: http://10.6.1.46:3032/app/cipher?env=pa&amp;app=pa&amp;resource=pa&amp;username=pa.gen_admin@gogoro.com&amp;password=123
</status>
</test>
<test id="s1-t16" name="Upload only scooter user name information of new subscription">
<tags>
<tag>MyGogoroWeb</tag>
<tag>New-Sub</tag>
</tags>
<timeout value="5 minutes"></timeout>
<status status="FAIL" starttime="20200909 10:10:22.489" endtime="20200909 10:10:22.490" critical="yes">Parent suite setup failed:
Get cipher error: 
status code: 500
api request: http://10.6.1.46:3032/app/cipher?env=pa&amp;app=pa&amp;resource=pa&amp;username=pa.gen_admin@gogoro.com&amp;password=123
</status>
</test>
<test id="s1-t17" name="Upload only scooter vin information of new subscription">
<tags>
<tag>MyGogoroWeb</tag>
<tag>New-Sub</tag>
</tags>
<timeout value="5 minutes"></timeout>
<status status="FAIL" starttime="20200909 10:10:22.491" endtime="20200909 10:10:22.492" critical="yes">Parent suite setup failed:
Get cipher error: 
status code: 500
api request: http://10.6.1.46:3032/app/cipher?env=pa&amp;app=pa&amp;resource=pa&amp;username=pa.gen_admin@gogoro.com&amp;password=123
</status>
</test>
<test id="s1-t18" name="Upload only battery number information of new subscription">
<tags>
<tag>MyGogoroWeb</tag>
<tag>New-Sub</tag>
</tags>
<timeout value="5 minutes"></timeout>
<status status="FAIL" starttime="20200909 10:10:22.493" endtime="20200909 10:10:22.494" critical="yes">Parent suite setup failed:
Get cipher error: 
status code: 500
api request: http://10.6.1.46:3032/app/cipher?env=pa&amp;app=pa&amp;resource=pa&amp;username=pa.gen_admin@gogoro.com&amp;password=123
</status>
</test>
<test id="s1-t19" name="Check contract draft step of new subscription">
<tags>
<tag>MyGogoroWeb</tag>
<tag>New-Sub</tag>
</tags>
<timeout value="5 minutes"></timeout>
<status status="FAIL" starttime="20200909 10:10:22.494" endtime="20200909 10:10:22.495" critical="yes">Parent suite setup failed:
Get cipher error: 
status code: 500
api request: http://10.6.1.46:3032/app/cipher?env=pa&amp;app=pa&amp;resource=pa&amp;username=pa.gen_admin@gogoro.com&amp;password=123
</status>
</test>
<doc>Test suite for MyGogoro new subscription flow</doc>
<status status="FAIL" starttime="20200909 10:10:18.014" endtime="20200909 10:10:22.496">Suite setup failed:
Get cipher error: 
status code: 500
api request: http://10.6.1.46:3032/app/cipher?env=pa&amp;app=pa&amp;resource=pa&amp;username=pa.gen_admin@gogoro.com&amp;password=123
</status>
</suite>
<statistics>
<total>
<stat pass="0" fail="19">Critical Tests</stat>
<stat pass="0" fail="19">All Tests</stat>
</total>
<tag>
<stat pass="0" fail="19">MyGogoroWeb</stat>
<stat pass="0" fail="19">New-Sub</stat>
</tag>
<suite>
<stat pass="0" fail="19" id="s1" name="Fn-New Subscription">Fn-New Subscription</stat>
</suite>
</statistics>
<errors>
</errors>
</robot>
