<?xml version="1.0" encoding="UTF-8"?>
<robot generator="Robot 3.1.1 (Python 3.7.4 on darwin)" generated="20200828 15:01:40.537" rpa="false">
<suite id="s1" name="Fn-Login" source="/Users/peter.yf.cheng/Gitlab/Automation-test/MyGogoro_web/integration/web/fn-login.robot">
<kw name="Open Browser" library="keywords_common" type="setup">
<doc>Create a chrome browser without UI display</doc>
<arguments>
<arg>${MY_ACCOUNT_URL}</arg>
<arg>${MY_ACCOUNT_WINDOW_HEIGHT}</arg>
<arg>${MY_ACCOUNT_WINDOW_WEIGHT}</arg>
</arguments>
<kw name="Evaluate" library="BuiltIn">
<doc>Evaluates the given expression in Python and returns the results.</doc>
<arguments>
<arg>sys.modules['selenium.webdriver'].ChromeOptions()</arg>
<arg>sys, selenium.webdriver</arg>
</arguments>
<assign>
<var>${chrome_options}</var>
</assign>
<msg timestamp="20200828 15:01:41.914" level="INFO">${chrome_options} = &lt;selenium.webdriver.chrome.options.Options object at 0x109bfe450&gt;</msg>
<status status="PASS" starttime="20200828 15:01:41.913" endtime="20200828 15:01:41.915"></status>
</kw>
<kw name="Call Method" library="BuiltIn">
<doc>Calls the named method of the given object with the provided arguments.</doc>
<arguments>
<arg>${chrome_options}</arg>
<arg>add_argument</arg>
<arg>--disable-extensions</arg>
</arguments>
<status status="PASS" starttime="20200828 15:01:41.917" endtime="20200828 15:01:41.918"></status>
</kw>
<kw name="Call Method" library="BuiltIn">
<doc>Calls the named method of the given object with the provided arguments.</doc>
<arguments>
<arg>${chrome_options}</arg>
<arg>add_argument</arg>
<arg>--disable-gpu</arg>
</arguments>
<status status="PASS" starttime="20200828 15:01:41.918" endtime="20200828 15:01:41.919"></status>
</kw>
<kw name="Call Method" library="BuiltIn">
<doc>Calls the named method of the given object with the provided arguments.</doc>
<arguments>
<arg>${chrome_options}</arg>
<arg>add_argument</arg>
<arg>--no-sandbox</arg>
</arguments>
<status status="PASS" starttime="20200828 15:01:41.919" endtime="20200828 15:01:41.920"></status>
</kw>
<kw name="Call Method" library="BuiltIn">
<doc>Calls the named method of the given object with the provided arguments.</doc>
<arguments>
<arg>${chrome_options}</arg>
<arg>add_argument</arg>
<arg>--disable-setuid-sandbox</arg>
</arguments>
<status status="PASS" starttime="20200828 15:01:41.921" endtime="20200828 15:01:41.921"></status>
</kw>
<kw name="Call Method" library="BuiltIn">
<doc>Calls the named method of the given object with the provided arguments.</doc>
<arguments>
<arg>${chrome_options}</arg>
<arg>add_argument</arg>
<arg>--disable-dev-shm-usage</arg>
</arguments>
<status status="PASS" starttime="20200828 15:01:41.922" endtime="20200828 15:01:41.922"></status>
</kw>
<kw name="Call Method" library="BuiltIn">
<doc>Calls the named method of the given object with the provided arguments.</doc>
<arguments>
<arg>${chrome_options}</arg>
<arg>add_argument</arg>
<arg>--incognito</arg>
</arguments>
<status status="PASS" starttime="20200828 15:01:41.923" endtime="20200828 15:01:41.924"></status>
</kw>
<kw name="Create Webdriver" library="Selenium2Library">
<doc>Creates an instance of Selenium WebDriver.</doc>
<arguments>
<arg>Chrome</arg>
<arg>chrome_options=${chrome_options}</arg>
<arg>executable_path=${BROWSER_PATH}/${DRIVER_VERSION}</arg>
</arguments>
<msg timestamp="20200828 15:01:41.926" level="INFO">Creating an instance of the Chrome WebDriver.</msg>
<status status="PASS" starttime="20200828 15:01:41.924" endtime="20200828 15:01:43.890"></status>
</kw>
<kw name="Set Window Size" library="Selenium2Library">
<doc>Sets current windows size to given ``width`` and ``height``.</doc>
<arguments>
<arg>${height}</arg>
<arg>${weight}</arg>
</arguments>
<status status="PASS" starttime="20200828 15:01:43.892" endtime="20200828 15:01:44.009"></status>
</kw>
<kw name="Go To" library="Selenium2Library">
<doc>Navigates the current browser window to the provided ``url``.</doc>
<arguments>
<arg>${url}</arg>
</arguments>
<msg timestamp="20200828 15:01:44.018" level="INFO">Opening url 'https://pa-network-my.gogoro.com'</msg>
<status status="PASS" starttime="20200828 15:01:44.017" endtime="20200828 15:01:46.505"></status>
</kw>
<status status="PASS" starttime="20200828 15:01:41.912" endtime="20200828 15:01:46.505"></status>
</kw>
<test id="s1-t1" name="Login function- Empty">
<kw name="Blank Textbox For Login Page" library="keyword_mggr_login">
<doc>Blank Account/Password to login in login page, user already has a valid contract.</doc>
<kw name="Sleep" library="BuiltIn">
<doc>Pauses the test executed for the given time.</doc>
<arguments>
<arg>1s</arg>
</arguments>
<msg timestamp="20200828 15:01:47.511" level="INFO">Slept 1 second</msg>
<status status="PASS" starttime="20200828 15:01:46.510" endtime="20200828 15:01:47.512"></status>
</kw>
<kw name="Maximize Browser Window" library="Selenium2Library">
<doc>Maximizes current browser window.</doc>
<status status="PASS" starttime="20200828 15:01:47.513" endtime="20200828 15:01:47.687"></status>
</kw>
<kw name="Input Text" library="Selenium2Library">
<doc>Types the given ``text`` into the text field identified by ``locator``.</doc>
<arguments>
<arg>//input[@type="password"][@name="password"]</arg>
<arg>${PASSWORD1}</arg>
</arguments>
<msg timestamp="20200828 15:01:47.689" level="INFO">Typing text 'Gogoro888' into text field '//input[@type="password"][@name="password"]'.</msg>
<status status="PASS" starttime="20200828 15:01:47.688" endtime="20200828 15:01:48.127"></status>
</kw>
<kw name="Wait Until Keyword Succeeds" library="BuiltIn">
<doc>Runs the specified keyword and retries if it fails.</doc>
<arguments>
<arg>10s</arg>
<arg>2s</arg>
<arg>Verfiy Login Username Blank Msg</arg>
<arg>電子信箱為必填欄位</arg>
</arguments>
<kw name="Verfiy Login Username Blank Msg" library="keyword_mggr_login">
<doc>Check the email not register</doc>
<arguments>
<arg>電子信箱為必填欄位</arg>
</arguments>
<kw name="Get Text" library="Selenium2Library">
<doc>Returns the text value of the element identified by ``locator``.</doc>
<arguments>
<arg>//*[@id="app"]/div/div/div/div/div[1]/span</arg>
</arguments>
<assign>
<var>${email_not_register_msg}</var>
</assign>
<msg timestamp="20200828 15:01:48.168" level="INFO">${email_not_register_msg} = 電子信箱為必填欄位</msg>
<status status="PASS" starttime="20200828 15:01:48.131" endtime="20200828 15:01:48.168"></status>
</kw>
<kw name="Should Be Equal As Strings" library="keywords_common">
<doc>Build in compare two variables keyword with log</doc>
<arguments>
<arg>${email_not_register_msg}</arg>
<arg>${expected}</arg>
</arguments>
<kw name="Run Keyword If" library="BuiltIn">
<doc>Runs the given keyword with the given arguments, if ``condition`` is true.</doc>
<arguments>
<arg>'${key}'=='${EMPTY}'</arg>
<arg>BuiltIn.Should Be Equal As Strings</arg>
<arg>${resp}</arg>
<arg>${message}</arg>
<arg>msg=Response: Actual result: ${resp} != Expected result: ${message}</arg>
<arg>values=False</arg>
<arg>ELSE</arg>
<arg>BuiltIn.Should Be Equal As Strings</arg>
<arg>${resp}</arg>
<arg>${message}</arg>
<arg>msg=Response: \nkey = ${key} Actual result: ${resp} != Expected result: ${message}</arg>
<arg>values=False</arg>
</arguments>
<kw name="Should Be Equal As Strings" library="BuiltIn">
<doc>Fails if objects are unequal after converting them to strings.</doc>
<arguments>
<arg>${resp}</arg>
<arg>${message}</arg>
<arg>msg=Response: Actual result: ${resp} != Expected result: ${message}</arg>
<arg>values=False</arg>
</arguments>
<status status="PASS" starttime="20200828 15:01:48.174" endtime="20200828 15:01:48.174"></status>
</kw>
<status status="PASS" starttime="20200828 15:01:48.172" endtime="20200828 15:01:48.174"></status>
</kw>
<status status="PASS" starttime="20200828 15:01:48.170" endtime="20200828 15:01:48.175"></status>
</kw>
<status status="PASS" starttime="20200828 15:01:48.130" endtime="20200828 15:01:48.175"></status>
</kw>
<status status="PASS" starttime="20200828 15:01:48.128" endtime="20200828 15:01:48.175"></status>
</kw>
<kw name="Sleep" library="BuiltIn">
<doc>Pauses the test executed for the given time.</doc>
<arguments>
<arg>1s</arg>
</arguments>
<msg timestamp="20200828 15:01:49.177" level="INFO">Slept 1 second</msg>
<status status="PASS" starttime="20200828 15:01:48.176" endtime="20200828 15:01:49.178"></status>
</kw>
<kw name="Reload Page" library="Selenium2Library">
<doc>Simulates user reloading page.</doc>
<status status="PASS" starttime="20200828 15:01:49.178" endtime="20200828 15:01:49.938"></status>
</kw>
<kw name="Input Text" library="Selenium2Library">
<doc>Types the given ``text`` into the text field identified by ``locator``.</doc>
<arguments>
<arg>//input[@type="text"][@name="email"]</arg>
<arg>${MYGOGORO_ACCOUNT}</arg>
</arguments>
<msg timestamp="20200828 15:01:49.939" level="INFO">Typing text 'gogopasw008_2020-1@yopmail.com' into text field '//input[@type="text"][@name="email"]'.</msg>
<status status="PASS" starttime="20200828 15:01:49.938" endtime="20200828 15:01:50.677"></status>
</kw>
<kw name="Click Login Button" library="keyword_mggr_login">
<doc>Click login button in My_Account page</doc>
<kw name="Assign Id To Element" library="Selenium2Library">
<doc>Assigns a temporary ``id`` to the element specified by ``locator``.</doc>
<arguments>
<arg>//*[@id="app"]/div/div/div/div/div[3]/button</arg>
<arg>Login_button</arg>
</arguments>
<msg timestamp="20200828 15:01:50.679" level="INFO">Assigning temporary id 'Login_button' to element '//*[@id="app"]/div/div/div/div/div[3]/button'.</msg>
<status status="PASS" starttime="20200828 15:01:50.679" endtime="20200828 15:01:50.701"></status>
</kw>
<kw name="Wait Until Element Is Visible" library="Selenium2Library">
<doc>Waits until the element ``locator`` is visible.</doc>
<arguments>
<arg>Login_button</arg>
<arg>timeout=20</arg>
</arguments>
<status status="PASS" starttime="20200828 15:01:50.702" endtime="20200828 15:01:50.776"></status>
</kw>
<kw name="Click Element" library="Selenium2Library">
<doc>Click the element identified by ``locator``.</doc>
<arguments>
<arg>Login_button</arg>
</arguments>
<msg timestamp="20200828 15:01:50.777" level="INFO">Clicking element 'Login_button'.</msg>
<status status="PASS" starttime="20200828 15:01:50.777" endtime="20200828 15:01:50.825"></status>
</kw>
<status status="PASS" starttime="20200828 15:01:50.678" endtime="20200828 15:01:50.825"></status>
</kw>
<kw name="Wait Until Keyword Succeeds" library="BuiltIn">
<doc>Runs the specified keyword and retries if it fails.</doc>
<arguments>
<arg>10s</arg>
<arg>2s</arg>
<arg>Verfiy Login Password Blank Msg</arg>
<arg>密碼為必填欄位</arg>
</arguments>
<kw name="Verfiy Login Password Blank Msg" library="keyword_mggr_login">
<doc>Check the email not register</doc>
<arguments>
<arg>密碼為必填欄位</arg>
</arguments>
<kw name="Get Text" library="Selenium2Library">
<doc>Returns the text value of the element identified by ``locator``.</doc>
<arguments>
<arg>//*[@id="app"]/div/div/div/div/div[2]/span</arg>
</arguments>
<assign>
<var>${email_not_register_msg}</var>
</assign>
<msg timestamp="20200828 15:01:50.870" level="INFO">${email_not_register_msg} = 密碼為必填欄位</msg>
<status status="PASS" starttime="20200828 15:01:50.829" endtime="20200828 15:01:50.871"></status>
</kw>
<kw name="Should Be Equal As Strings" library="keywords_common">
<doc>Build in compare two variables keyword with log</doc>
<arguments>
<arg>${email_not_register_msg}</arg>
<arg>${expected}</arg>
</arguments>
<kw name="Run Keyword If" library="BuiltIn">
<doc>Runs the given keyword with the given arguments, if ``condition`` is true.</doc>
<arguments>
<arg>'${key}'=='${EMPTY}'</arg>
<arg>BuiltIn.Should Be Equal As Strings</arg>
<arg>${resp}</arg>
<arg>${message}</arg>
<arg>msg=Response: Actual result: ${resp} != Expected result: ${message}</arg>
<arg>values=False</arg>
<arg>ELSE</arg>
<arg>BuiltIn.Should Be Equal As Strings</arg>
<arg>${resp}</arg>
<arg>${message}</arg>
<arg>msg=Response: \nkey = ${key} Actual result: ${resp} != Expected result: ${message}</arg>
<arg>values=False</arg>
</arguments>
<kw name="Should Be Equal As Strings" library="BuiltIn">
<doc>Fails if objects are unequal after converting them to strings.</doc>
<arguments>
<arg>${resp}</arg>
<arg>${message}</arg>
<arg>msg=Response: Actual result: ${resp} != Expected result: ${message}</arg>
<arg>values=False</arg>
</arguments>
<status status="PASS" starttime="20200828 15:01:50.874" endtime="20200828 15:01:50.874"></status>
</kw>
<status status="PASS" starttime="20200828 15:01:50.872" endtime="20200828 15:01:50.874"></status>
</kw>
<status status="PASS" starttime="20200828 15:01:50.871" endtime="20200828 15:01:50.875"></status>
</kw>
<status status="PASS" starttime="20200828 15:01:50.827" endtime="20200828 15:01:50.875"></status>
</kw>
<status status="PASS" starttime="20200828 15:01:50.826" endtime="20200828 15:01:50.875"></status>
</kw>
<status status="PASS" starttime="20200828 15:01:46.508" endtime="20200828 15:01:50.875"></status>
</kw>
<tags>
<tag>MyGogoroWeb Login</tag>
</tags>
<timeout value="5 minutes"></timeout>
<status status="PASS" starttime="20200828 15:01:46.505" endtime="20200828 15:01:50.876" critical="yes"></status>
</test>
<test id="s1-t2" name="Login function- Invalid data">
<kw name="Input Invalid data For Login Page" library="keyword_mggr_login">
<doc>Input Invalid Account/Password to login in login page</doc>
<kw name="Sleep" library="BuiltIn">
<doc>Pauses the test executed for the given time.</doc>
<arguments>
<arg>1s</arg>
</arguments>
<msg timestamp="20200828 15:01:51.890" level="INFO">Slept 1 second</msg>
<status status="PASS" starttime="20200828 15:01:50.885" endtime="20200828 15:01:51.890"></status>
</kw>
<kw name="Maximize Browser Window" library="Selenium2Library">
<doc>Maximizes current browser window.</doc>
<status status="PASS" starttime="20200828 15:01:51.891" endtime="20200828 15:01:52.003"></status>
</kw>
<kw name="Input Text" library="Selenium2Library">
<doc>Types the given ``text`` into the text field identified by ``locator``.</doc>
<arguments>
<arg>//input[@type="text"][@name="email"]</arg>
<arg>${MYGOGORO_ACCOUNT}+11</arg>
</arguments>
<msg timestamp="20200828 15:01:52.005" level="INFO">Typing text 'gogopasw008_2020-1@yopmail.com+11' into text field '//input[@type="text"][@name="email"]'.</msg>
<status status="PASS" starttime="20200828 15:01:52.004" endtime="20200828 15:01:52.361"></status>
</kw>
<kw name="Input Text" library="Selenium2Library">
<doc>Types the given ``text`` into the text field identified by ``locator``.</doc>
<arguments>
<arg>//input[@type="password"][@name="password"]</arg>
<arg>${PASSWORD1}</arg>
</arguments>
<msg timestamp="20200828 15:01:52.362" level="INFO">Typing text 'Gogoro888' into text field '//input[@type="password"][@name="password"]'.</msg>
<status status="PASS" starttime="20200828 15:01:52.362" endtime="20200828 15:01:52.536"></status>
</kw>
<kw name="Click Login Button" library="keyword_mggr_login">
<doc>Click login button in My_Account page</doc>
<kw name="Assign Id To Element" library="Selenium2Library">
<doc>Assigns a temporary ``id`` to the element specified by ``locator``.</doc>
<arguments>
<arg>//*[@id="app"]/div/div/div/div/div[3]/button</arg>
<arg>Login_button</arg>
</arguments>
<msg timestamp="20200828 15:01:52.538" level="INFO">Assigning temporary id 'Login_button' to element '//*[@id="app"]/div/div/div/div/div[3]/button'.</msg>
<status status="PASS" starttime="20200828 15:01:52.537" endtime="20200828 15:01:52.563"></status>
</kw>
<kw name="Wait Until Element Is Visible" library="Selenium2Library">
<doc>Waits until the element ``locator`` is visible.</doc>
<arguments>
<arg>Login_button</arg>
<arg>timeout=20</arg>
</arguments>
<status status="PASS" starttime="20200828 15:01:52.564" endtime="20200828 15:01:52.597"></status>
</kw>
<kw name="Click Element" library="Selenium2Library">
<doc>Click the element identified by ``locator``.</doc>
<arguments>
<arg>Login_button</arg>
</arguments>
<msg timestamp="20200828 15:01:52.600" level="INFO">Clicking element 'Login_button'.</msg>
<status status="PASS" starttime="20200828 15:01:52.600" endtime="20200828 15:01:52.681"></status>
</kw>
<status status="PASS" starttime="20200828 15:01:52.536" endtime="20200828 15:01:52.681"></status>
</kw>
<kw name="Wait Until Keyword Succeeds" library="BuiltIn">
<doc>Runs the specified keyword and retries if it fails.</doc>
<arguments>
<arg>10s</arg>
<arg>2s</arg>
<arg>Verfiy Invalid Account/Password Msg</arg>
<arg>請檢查您的帳號或密碼\n確認</arg>
</arguments>
<kw name="Verfiy Invalid Account/Password Msg" library="keyword_mggr_login">
<doc>Check the email not register</doc>
<arguments>
<arg>請檢查您的帳號或密碼\n確認</arg>
</arguments>
<kw name="Get Text" library="Selenium2Library">
<doc>Returns the text value of the element identified by ``locator``.</doc>
<arguments>
<arg>//html/body/div/div/div[2]</arg>
</arguments>
<assign>
<var>${email_not_register_msg}</var>
</assign>
<kw name="Capture Page Screenshot" library="Selenium2Library">
<doc>Takes a screenshot of the current page and embeds it into a log file.</doc>
<msg timestamp="20200828 15:01:53.468" level="INFO" html="yes">&lt;/td&gt;&lt;/tr&gt;&lt;tr&gt;&lt;td colspan="3"&gt;&lt;a href="selenium-screenshot-22.png"&gt;&lt;img src="selenium-screenshot-22.png" width="800px"&gt;&lt;/a&gt;</msg>
<status status="PASS" starttime="20200828 15:01:52.708" endtime="20200828 15:01:53.468"></status>
</kw>
<msg timestamp="20200828 15:01:53.473" level="FAIL">Element with locator '//html/body/div/div/div[2]' not found.</msg>
<status status="FAIL" starttime="20200828 15:01:52.686" endtime="20200828 15:01:53.473"></status>
</kw>
<status status="FAIL" starttime="20200828 15:01:52.685" endtime="20200828 15:01:53.474"></status>
</kw>
<kw name="Verfiy Invalid Account/Password Msg" library="keyword_mggr_login">
<doc>Check the email not register</doc>
<arguments>
<arg>請檢查您的帳號或密碼\n確認</arg>
</arguments>
<kw name="Get Text" library="Selenium2Library">
<doc>Returns the text value of the element identified by ``locator``.</doc>
<arguments>
<arg>//html/body/div/div/div[2]</arg>
</arguments>
<assign>
<var>${email_not_register_msg}</var>
</assign>
<msg timestamp="20200828 15:01:55.501" level="INFO">${email_not_register_msg} = 請檢查您的帳號或密碼
確認</msg>
<status status="PASS" starttime="20200828 15:01:55.476" endtime="20200828 15:01:55.501"></status>
</kw>
<kw name="Should Be Equal As Strings" library="keywords_common">
<doc>Build in compare two variables keyword with log</doc>
<arguments>
<arg>${email_not_register_msg}</arg>
<arg>${expected}</arg>
</arguments>
<kw name="Run Keyword If" library="BuiltIn">
<doc>Runs the given keyword with the given arguments, if ``condition`` is true.</doc>
<arguments>
<arg>'${key}'=='${EMPTY}'</arg>
<arg>BuiltIn.Should Be Equal As Strings</arg>
<arg>${resp}</arg>
<arg>${message}</arg>
<arg>msg=Response: Actual result: ${resp} != Expected result: ${message}</arg>
<arg>values=False</arg>
<arg>ELSE</arg>
<arg>BuiltIn.Should Be Equal As Strings</arg>
<arg>${resp}</arg>
<arg>${message}</arg>
<arg>msg=Response: \nkey = ${key} Actual result: ${resp} != Expected result: ${message}</arg>
<arg>values=False</arg>
</arguments>
<kw name="Should Be Equal As Strings" library="BuiltIn">
<doc>Fails if objects are unequal after converting them to strings.</doc>
<arguments>
<arg>${resp}</arg>
<arg>${message}</arg>
<arg>msg=Response: Actual result: ${resp} != Expected result: ${message}</arg>
<arg>values=False</arg>
</arguments>
<status status="PASS" starttime="20200828 15:01:55.504" endtime="20200828 15:01:55.505"></status>
</kw>
<status status="PASS" starttime="20200828 15:01:55.503" endtime="20200828 15:01:55.505"></status>
</kw>
<status status="PASS" starttime="20200828 15:01:55.502" endtime="20200828 15:01:55.505"></status>
</kw>
<status status="PASS" starttime="20200828 15:01:55.474" endtime="20200828 15:01:55.506"></status>
</kw>
<status status="PASS" starttime="20200828 15:01:52.682" endtime="20200828 15:01:55.506"></status>
</kw>
<kw name="Sleep" library="BuiltIn">
<doc>Pauses the test executed for the given time.</doc>
<arguments>
<arg>1s</arg>
</arguments>
<msg timestamp="20200828 15:01:56.507" level="INFO">Slept 1 second</msg>
<status status="PASS" starttime="20200828 15:01:55.506" endtime="20200828 15:01:56.507"></status>
</kw>
<kw name="Click Element" library="Selenium2Library">
<doc>Click the element identified by ``locator``.</doc>
<arguments>
<arg>//html/body/div/div/div[2]/footer/button</arg>
</arguments>
<msg timestamp="20200828 15:01:56.510" level="INFO">Clicking element '//html/body/div/div/div[2]/footer/button'.</msg>
<status status="PASS" starttime="20200828 15:01:56.509" endtime="20200828 15:01:56.674"></status>
</kw>
<status status="PASS" starttime="20200828 15:01:50.883" endtime="20200828 15:01:56.674"></status>
</kw>
<tags>
<tag>MyGogoroWeb Login</tag>
</tags>
<timeout value="5 minutes"></timeout>
<status status="PASS" starttime="20200828 15:01:50.879" endtime="20200828 15:01:56.675" critical="yes"></status>
</test>
<doc>Test suite for MyGogoro</doc>
<status status="PASS" starttime="20200828 15:01:40.538" endtime="20200828 15:01:56.676"></status>
</suite>
<statistics>
<total>
<stat pass="2" fail="0">Critical Tests</stat>
<stat pass="2" fail="0">All Tests</stat>
</total>
<tag>
<stat pass="2" fail="0">MyGogoroWeb Login</stat>
</tag>
<suite>
<stat pass="2" fail="0" id="s1" name="Fn-Login">Fn-Login</stat>
</suite>
</statistics>
<errors>
</errors>
</robot>
